<?xml version="1.0" encoding="UTF-8"?>
<testng-results skipped="0" failed="0" ignored="0" total="1" passed="1">
  <reporter-output>
  </reporter-output>
  <suite name="Suite" duration-ms="11772" started-at="2018-07-07T04:16:22Z" finished-at="2018-07-07T04:16:34Z">
    <groups>
    </groups>
    <test name="Test" duration-ms="11772" started-at="2018-07-07T04:16:22Z" finished-at="2018-07-07T04:16:34Z">
      <class name="com.san.test.SeleniumTest">
        <test-method status="PASS" signature="SetUp()[pri:0, instance:com.san.test.SeleniumTest@1f36e637]" name="SetUp" is-config="true" duration-ms="4637" started-at="2018-07-07T04:16:22Z" finished-at="2018-07-07T04:16:26Z">
          <reporter-output>
          </reporter-output>
        </test-method> <!-- SetUp -->
        <test-method status="PASS" signature="OpenBrowser()[pri:0, instance:com.san.test.SeleniumTest@1f36e637]" name="OpenBrowser" duration-ms="4759" started-at="2018-07-07T04:16:27Z" finished-at="2018-07-07T04:16:31Z">
          <reporter-output>
          </reporter-output>
        </test-method> <!-- OpenBrowser -->
        <test-method status="PASS" signature="EndTest()[pri:0, instance:com.san.test.SeleniumTest@1f36e637]" name="EndTest" is-config="true" duration-ms="2339" started-at="2018-07-07T04:16:31Z" finished-at="2018-07-07T04:16:34Z">
          <reporter-output>
          </reporter-output>
        </test-method> <!-- EndTest -->
      </class> <!-- com.san.test.SeleniumTest -->
    </test> <!-- Test -->
  </suite> <!-- Suite -->
</testng-results>
