<?xml version="1.0" encoding="UTF-8"?>
<testng-results skipped="0" failed="0" ignored="0" total="2" passed="2">
  <reporter-output>
  </reporter-output>
  <suite name="Suite" duration-ms="21760" started-at="2018-07-07T06:21:55Z" finished-at="2018-07-07T06:22:17Z">
    <groups>
    </groups>
    <test name="Test" duration-ms="21760" started-at="2018-07-07T06:21:55Z" finished-at="2018-07-07T06:22:17Z">
      <class name="com.san.test.SeleniumTest">
        <test-method status="PASS" signature="SetUp()[pri:0, instance:com.san.test.SeleniumTest@1f36e637]" name="SetUp" is-config="true" duration-ms="13041" started-at="2018-07-07T06:21:55Z" finished-at="2018-07-07T06:22:08Z">
          <reporter-output>
          </reporter-output>
        </test-method> <!-- SetUp -->
        <test-method status="PASS" signature="OpenBrowser()[pri:0, instance:com.san.test.SeleniumTest@1f36e637]" name="OpenBrowser" duration-ms="8033" started-at="2018-07-07T06:22:08Z" finished-at="2018-07-07T06:22:16Z">
          <reporter-output>
          </reporter-output>
        </test-method> <!-- OpenBrowser -->
        <test-method status="PASS" signature="test2()[pri:0, instance:com.san.test.SeleniumTest@1f36e637]" name="test2" duration-ms="6" started-at="2018-07-07T06:22:16Z" finished-at="2018-07-07T06:22:16Z">
          <reporter-output>
          </reporter-output>
        </test-method> <!-- test2 -->
        <test-method status="PASS" signature="EndTest()[pri:0, instance:com.san.test.SeleniumTest@1f36e637]" name="EndTest" is-config="true" duration-ms="614" started-at="2018-07-07T06:22:16Z" finished-at="2018-07-07T06:22:17Z">
          <reporter-output>
          </reporter-output>
        </test-method> <!-- EndTest -->
      </class> <!-- com.san.test.SeleniumTest -->
    </test> <!-- Test -->
  </suite> <!-- Suite -->
</testng-results>
